<?xml version="1.0" encoding="UTF-8"?>
<coverage generated="1765487694795" clover="3.2.0">
  <project timestamp="1765487694795" name="All files">
    <metrics statements="20" coveredstatements="4" conditionals="8" coveredconditionals="4" methods="10" coveredmethods="4" elements="38" coveredelements="12" complexity="0" loc="20" ncloc="20" packages="5" files="8" classes="8"/>
    <package name="src">
      <metrics statements="12" coveredstatements="1" conditionals="4" coveredconditionals="0" methods="3" coveredmethods="1"/>
      <file name="App.js" path="/Users/aleksandrlubenskij/Documents/GitHub/DenysSumDU/LaboratoryWork/QAProject/furniture-shop/src/App.js">
        <metrics statements="1" coveredstatements="1" conditionals="0" coveredconditionals="0" methods="1" coveredmethods="1"/>
        <line num="5" count="1" type="stmt"/>
      </file>
      <file name="index.js" path="/Users/aleksandrlubenskij/Documents/GitHub/DenysSumDU/LaboratoryWork/QAProject/furniture-shop/src/index.js">
        <metrics statements="3" coveredstatements="0" conditionals="0" coveredconditionals="0" methods="0" coveredmethods="0"/>
        <line num="7" count="0" type="stmt"/>
        <line num="8" count="0" type="stmt"/>
        <line num="17" count="0" type="stmt"/>
      </file>
      <file name="reportWebVitals.js" path="/Users/aleksandrlubenskij/Documents/GitHub/DenysSumDU/LaboratoryWork/QAProject/furniture-shop/src/reportWebVitals.js">
        <metrics statements="8" coveredstatements="0" conditionals="4" coveredconditionals="0" methods="2" coveredmethods="0"/>
        <line num="1" count="0" type="stmt"/>
        <line num="2" count="0" type="cond" truecount="0" falsecount="4"/>
        <line num="3" count="0" type="stmt"/>
        <line num="4" count="0" type="stmt"/>
        <line num="5" count="0" type="stmt"/>
        <line num="6" count="0" type="stmt"/>
        <line num="7" count="0" type="stmt"/>
        <line num="8" count="0" type="stmt"/>
      </file>
    </package>
    <package name="src.components">
      <metrics statements="3" coveredstatements="0" conditionals="0" coveredconditionals="0" methods="3" coveredmethods="0"/>
      <file name="ProductCard.js" path="/Users/aleksandrlubenskij/Documents/GitHub/DenysSumDU/LaboratoryWork/QAProject/furniture-shop/src/components/ProductCard.js">
        <metrics statements="1" coveredstatements="0" conditionals="0" coveredconditionals="0" methods="1" coveredmethods="0"/>
        <line num="4" count="0" type="stmt"/>
      </file>
      <file name="ProductList.js" path="/Users/aleksandrlubenskij/Documents/GitHub/DenysSumDU/LaboratoryWork/QAProject/furniture-shop/src/components/ProductList.js">
        <metrics statements="2" coveredstatements="0" conditionals="0" coveredconditionals="0" methods="2" coveredmethods="0"/>
        <line num="7" count="0" type="stmt"/>
        <line num="10" count="0" type="stmt"/>
      </file>
    </package>
    <package name="src.data">
      <metrics statements="1" coveredstatements="0" conditionals="0" coveredconditionals="0" methods="0" coveredmethods="0"/>
      <file name="products.js" path="/Users/aleksandrlubenskij/Documents/GitHub/DenysSumDU/LaboratoryWork/QAProject/furniture-shop/src/data/products.js">
        <metrics statements="1" coveredstatements="0" conditionals="0" coveredconditionals="0" methods="0" coveredmethods="0"/>
        <line num="1" count="0" type="stmt"/>
      </file>
    </package>
    <package name="src.services">
      <metrics statements="1" coveredstatements="0" conditionals="0" coveredconditionals="0" methods="1" coveredmethods="0"/>
      <file name="api.js" path="/Users/aleksandrlubenskij/Documents/GitHub/DenysSumDU/LaboratoryWork/QAProject/furniture-shop/src/services/api.js">
        <metrics statements="1" coveredstatements="0" conditionals="0" coveredconditionals="0" methods="1" coveredmethods="0"/>
        <line num="3" count="0" type="stmt"/>
      </file>
    </package>
    <package name="src.utils">
      <metrics statements="3" coveredstatements="3" conditionals="4" coveredconditionals="4" methods="3" coveredmethods="3"/>
      <file name="priceCalculator.js" path="/Users/aleksandrlubenskij/Documents/GitHub/DenysSumDU/LaboratoryWork/QAProject/furniture-shop/src/utils/priceCalculator.js">
        <metrics statements="3" coveredstatements="3" conditionals="4" coveredconditionals="4" methods="3" coveredmethods="3"/>
        <line num="2" count="6" type="cond" truecount="4" falsecount="0"/>
        <line num="3" count="4" type="stmt"/>
        <line num="7" count="2" type="stmt"/>
      </file>
    </package>
  </project>
</coverage>
