{"/Users/aleksandrlubenskij/Documents/GitHub/DenysSumDU/LaboratoryWork/QAProject/furniture-shop/src/App.js": {"path":"/Users/aleksandrlubenskij/Documents/GitHub/DenysSumDU/LaboratoryWork/QAProject/furniture-shop/src/App.js","statementMap":{"0":{"start":{"line":5,"column":2},"end":{"line":22,"column":4}}},"fnMap":{"0":{"name":"App","decl":{"start":{"line":4,"column":9},"end":{"line":4,"column":12}},"loc":{"start":{"line":4,"column":15},"end":{"line":23,"column":1}},"line":4}},"branchMap":{},"s":{"0":1},"f":{"0":1},"b":{},"_coverageSchema":"1a1c01bbd47fc00a2c39e90264f33305004495a9","hash":"c6a040c64d3ad5844fe773e563eb7f034e0200df"}
,"/Users/aleksandrlubenskij/Documents/GitHub/DenysSumDU/LaboratoryWork/QAProject/furniture-shop/src/index.js": {"path":"/Users/aleksandrlubenskij/Documents/GitHub/DenysSumDU/LaboratoryWork/QAProject/furniture-shop/src/index.js","statementMap":{"0":{"start":{"line":7,"column":13},"end":{"line":7,"column":65}},"1":{"start":{"line":8,"column":0},"end":{"line":12,"column":2}},"2":{"start":{"line":17,"column":0},"end":{"line":17,"column":18}}},"fnMap":{},"branchMap":{},"s":{"0":0,"1":0,"2":0},"f":{},"b":{}}
,"/Users/aleksandrlubenskij/Documents/GitHub/DenysSumDU/LaboratoryWork/QAProject/furniture-shop/src/reportWebVitals.js": {"path":"/Users/aleksandrlubenskij/Documents/GitHub/DenysSumDU/LaboratoryWork/QAProject/furniture-shop/src/reportWebVitals.js","statementMap":{"0":{"start":{"line":1,"column":24},"end":{"line":11,"column":1}},"1":{"start":{"line":2,"column":2},"end":{"line":10,"column":3}},"2":{"start":{"line":3,"column":4},"end":{"line":9,"column":7}},"3":{"start":{"line":4,"column":6},"end":{"line":4,"column":26}},"4":{"start":{"line":5,"column":6},"end":{"line":5,"column":26}},"5":{"start":{"line":6,"column":6},"end":{"line":6,"column":26}},"6":{"start":{"line":7,"column":6},"end":{"line":7,"column":26}},"7":{"start":{"line":8,"column":6},"end":{"line":8,"column":27}}},"fnMap":{"0":{"name":"(anonymous_0)","decl":{"start":{"line":1,"column":24},"end":{"line":1,"column":25}},"loc":{"start":{"line":1,"column":39},"end":{"line":11,"column":1}},"line":1},"1":{"name":"(anonymous_1)","decl":{"start":{"line":3,"column":30},"end":{"line":3,"column":31}},"loc":{"start":{"line":3,"column":79},"end":{"line":9,"column":5}},"line":3}},"branchMap":{"0":{"loc":{"start":{"line":2,"column":2},"end":{"line":10,"column":3}},"type":"if","locations":[{"start":{"line":2,"column":2},"end":{"line":10,"column":3}},{"start":{},"end":{}}],"line":2},"1":{"loc":{"start":{"line":2,"column":6},"end":{"line":2,"column":52}},"type":"binary-expr","locations":[{"start":{"line":2,"column":6},"end":{"line":2,"column":17}},{"start":{"line":2,"column":21},"end":{"line":2,"column":52}}],"line":2}},"s":{"0":0,"1":0,"2":0,"3":0,"4":0,"5":0,"6":0,"7":0},"f":{"0":0,"1":0},"b":{"0":[0,0],"1":[0,0]}}
,"/Users/aleksandrlubenskij/Documents/GitHub/DenysSumDU/LaboratoryWork/QAProject/furniture-shop/src/components/ProductCard.js": {"path":"/Users/aleksandrlubenskij/Documents/GitHub/DenysSumDU/LaboratoryWork/QAProject/furniture-shop/src/components/ProductCard.js","statementMap":{"0":{"start":{"line":4,"column":2},"end":{"line":9,"column":4}}},"fnMap":{"0":{"name":"ProductCard","decl":{"start":{"line":3,"column":24},"end":{"line":3,"column":35}},"loc":{"start":{"line":3,"column":53},"end":{"line":10,"column":1}},"line":3}},"branchMap":{},"s":{"0":0},"f":{"0":0},"b":{}}
,"/Users/aleksandrlubenskij/Documents/GitHub/DenysSumDU/LaboratoryWork/QAProject/furniture-shop/src/components/ProductList.js": {"path":"/Users/aleksandrlubenskij/Documents/GitHub/DenysSumDU/LaboratoryWork/QAProject/furniture-shop/src/components/ProductList.js","statementMap":{"0":{"start":{"line":7,"column":2},"end":{"line":17,"column":4}},"1":{"start":{"line":10,"column":8},"end":{"line":14,"column":10}}},"fnMap":{"0":{"name":"ProductList","decl":{"start":{"line":6,"column":24},"end":{"line":6,"column":35}},"loc":{"start":{"line":6,"column":50},"end":{"line":18,"column":1}},"line":6},"1":{"name":"(anonymous_1)","decl":{"start":{"line":9,"column":20},"end":{"line":9,"column":21}},"loc":{"start":{"line":10,"column":8},"end":{"line":14,"column":10}},"line":10}},"branchMap":{},"s":{"0":0,"1":0},"f":{"0":0,"1":0},"b":{}}
,"/Users/aleksandrlubenskij/Documents/GitHub/DenysSumDU/LaboratoryWork/QAProject/furniture-shop/src/data/products.js": {"path":"/Users/aleksandrlubenskij/Documents/GitHub/DenysSumDU/LaboratoryWork/QAProject/furniture-shop/src/data/products.js","statementMap":{"0":{"start":{"line":1,"column":24},"end":{"line":5,"column":3}}},"fnMap":{},"branchMap":{},"s":{"0":0},"f":{},"b":{}}
,"/Users/aleksandrlubenskij/Documents/GitHub/DenysSumDU/LaboratoryWork/QAProject/furniture-shop/src/services/api.js": {"path":"/Users/aleksandrlubenskij/Documents/GitHub/DenysSumDU/LaboratoryWork/QAProject/furniture-shop/src/services/api.js","statementMap":{"0":{"start":{"line":3,"column":4},"end":{"line":6,"column":6}}},"fnMap":{"0":{"name":"fetchProducts","decl":{"start":{"line":1,"column":22},"end":{"line":1,"column":35}},"loc":{"start":{"line":1,"column":38},"end":{"line":7,"column":3}},"line":1}},"branchMap":{},"s":{"0":0},"f":{"0":0},"b":{}}
,"/Users/aleksandrlubenskij/Documents/GitHub/DenysSumDU/LaboratoryWork/QAProject/furniture-shop/src/utils/priceCalculator.js": {"path":"/Users/aleksandrlubenskij/Documents/GitHub/DenysSumDU/LaboratoryWork/QAProject/furniture-shop/src/utils/priceCalculator.js","statementMap":{"0":{"start":{"line":2,"column":4},"end":{"line":2,"column":74}},"1":{"start":{"line":2,"column":40},"end":{"line":2,"column":74}},"2":{"start":{"line":3,"column":4},"end":{"line":3,"column":44}},"3":{"start":{"line":7,"column":4},"end":{"line":7,"column":92}},"4":{"start":{"line":7,"column":44},"end":{"line":7,"column":87}}},"fnMap":{"0":{"name":"applyDiscount","decl":{"start":{"line":1,"column":16},"end":{"line":1,"column":29}},"loc":{"start":{"line":1,"column":47},"end":{"line":4,"column":3}},"line":1},"1":{"name":"calculateTotal","decl":{"start":{"line":6,"column":18},"end":{"line":6,"column":32}},"loc":{"start":{"line":6,"column":53},"end":{"line":8,"column":3}},"line":6},"2":{"name":"(anonymous_2)","decl":{"start":{"line":7,"column":27},"end":{"line":7,"column":28}},"loc":{"start":{"line":7,"column":44},"end":{"line":7,"column":87}},"line":7}},"branchMap":{"0":{"loc":{"start":{"line":2,"column":4},"end":{"line":2,"column":74}},"type":"if","locations":[{"start":{"line":2,"column":4},"end":{"line":2,"column":74}},{"start":{},"end":{}}],"line":2},"1":{"loc":{"start":{"line":2,"column":8},"end":{"line":2,"column":38}},"type":"binary-expr","locations":[{"start":{"line":2,"column":8},"end":{"line":2,"column":20}},{"start":{"line":2,"column":24},"end":{"line":2,"column":38}}],"line":2}},"s":{"0":6,"1":2,"2":4,"3":1,"4":2},"f":{"0":6,"1":1,"2":2},"b":{"0":[2,4],"1":[6,5]},"_coverageSchema":"1a1c01bbd47fc00a2c39e90264f33305004495a9","hash":"fedbd9f285b8765ec0dfb4d90bc649037216a96f"}
}
